
> @workspace/api-server@0.0.0 start
> node --enable-source-maps ./dist/index.mjs

◇ injected env (4) from ..\..\.env // tip: ⌘ multiple files { path: ['.env.local', '.env'] }
◇ injected env (0) from ..\..\.env // tip: ⌘ multiple files { path: ['.env.local', '.env'] }
[12:17:54.975] [32mINFO[39m (25180): [36mServer listening[39m
    [35mport[39m: 8080
[12:18:25.396] [32mINFO[39m (25180): [36mrequest completed[39m
    [35mreq[39m: {
      "id": 1,
      "method": "GET",
      "url": "/api/healthz"
    }
    [35mres[39m: {
      "statusCode": 200
    }
    [35mresponseTime[39m: 28
[12:18:25.555] [32mINFO[39m (25180): [36mrequest completed[39m
    [35mreq[39m: {
      "id": 3,
      "method": "GET",
      "url": "/api/healthz"
    }
    [35mres[39m: {
      "statusCode": 200
    }
    [35mresponseTime[39m: 8
[12:18:26.828] [32mINFO[39m (25180): [36mrequest completed[39m
    [35mreq[39m: {
      "id": 2,
      "method": "POST",
      "url": "/api/auth/login"
    }
    [35mres[39m: {
      "statusCode": 200
    }
    [35mresponseTime[39m: 1337
[12:19:11.123] [32mINFO[39m (25180): [36mrequest aborted[39m
    [35mreq[39m: {
      "id": 4,
      "method": "POST",
      "url": "/api/auth/login"
    }
    [35mres[39m: {
      "statusCode": null
    }
    [35mresponseTime[39m: 75
[12:21:04.617] [32mINFO[39m (25180): [36mrequest completed[39m
    [35mreq[39m: {
      "id": 5,
      "method": "GET",
      "url": "/api/auth/me"
    }
    [35mres[39m: {
      "statusCode": 200
    }
    [35mresponseTime[39m: 1171
[12:21:04.763] [32mINFO[39m (25180): [36mrequest completed[39m
    [35mreq[39m: {
      "id": 6,
      "method": "GET",
      "url": "/api/projects"
    }
    [35mres[39m: {
      "statusCode": 200
    }
    [35mresponseTime[39m: 1302
[12:21:06.599] [32mINFO[39m (25180): [36mrequest completed[39m
    [35mreq[39m: {
      "id": 8,
      "method": "GET",
      "url": "/api/auth/me"
    }
    [35mres[39m: {
      "statusCode": 304
    }
    [35mresponseTime[39m: 139
[12:21:06.728] [32mINFO[39m (25180): [36mrequest completed[39m
    [35mreq[39m: {
      "id": 7,
      "method": "GET",
      "url": "/api/projects"
    }
    [35mres[39m: {
      "statusCode": 304
    }
    [35mresponseTime[39m: 271
[12:21:15.537] [32mINFO[39m (25180): [36mrequest completed[39m
    [35mreq[39m: {
      "id": 10,
      "method": "GET",
      "url": "/api/dashboard/low-stock"
    }
    [35mres[39m: {
      "statusCode": 200
    }
    [35mresponseTime[39m: 271
[12:21:16.201] [32mINFO[39m (25180): [36mrequest completed[39m
    [35mreq[39m: {
      "id": 9,
      "method": "GET",
      "url": "/api/dashboard/summary"
    }
    [35mres[39m: {
      "statusCode": 200
    }
    [35mresponseTime[39m: 939
[12:21:16.637] [32mINFO[39m (25180): [36mrequest completed[39m
    [35mreq[39m: {
      "id": 12,
      "method": "GET",
      "url": "/api/dashboard/stock-by-category"
    }
    [35mres[39m: {
      "statusCode": 200
    }
    [35mresponseTime[39m: 1362
[12:21:16.644] [32mINFO[39m (25180): [36mrequest completed[39m
    [35mreq[39m: {
      "id": 13,
      "method": "GET",
      "url": "/api/stock-movements"
    }
    [35mres[39m: {
      "statusCode": 200
    }
    [35mresponseTime[39m: 1364
[12:21:16.655] [32mINFO[39m (25180): [36mrequest completed[39m
    [35mreq[39m: {
      "id": 11,
      "method": "GET",
      "url": "/api/dashboard/recent-movements"
    }
    [35mres[39m: {
      "statusCode": 200
    }
    [35mresponseTime[39m: 1384
[12:21:26.119] [32mINFO[39m (25180): [36mrequest completed[39m
    [35mreq[39m: {
      "id": 14,
      "method": "GET",
      "url": "/api/users"
    }
    [35mres[39m: {
      "statusCode": 200
    }
    [35mresponseTime[39m: 274
[12:21:28.941] [32mINFO[39m (25180): [36mrequest completed[39m
    [35mreq[39m: {
      "id": 15,
      "method": "GET",
      "url": "/api/auth/me"
    }
    [35mres[39m: {
      "statusCode": 304
    }
    [35mresponseTime[39m: 146
[12:21:32.915] [32mINFO[39m (25180): [36mrequest completed[39m
    [35mreq[39m: {
      "id": 16,
      "method": "GET",
      "url": "/api/dashboard/summary"
    }
    [35mres[39m: {
      "statusCode": 304
    }
    [35mresponseTime[39m: 1007
[12:21:33.060] [32mINFO[39m (25180): [36mrequest completed[39m
    [35mreq[39m: {
      "id": 17,
      "method": "GET",
      "url": "/api/dashboard/low-stock"
    }
    [35mres[39m: {
      "statusCode": 304
    }
    [35mresponseTime[39m: 1132
[12:21:33.069] [32mINFO[39m (25180): [36mrequest completed[39m
    [35mreq[39m: {
      "id": 18,
      "method": "GET",
      "url": "/api/dashboard/recent-movements"
    }
    [35mres[39m: {
      "statusCode": 304
    }
    [35mresponseTime[39m: 1138
[12:21:33.092] [32mINFO[39m (25180): [36mrequest completed[39m
    [35mreq[39m: {
      "id": 19,
      "method": "GET",
      "url": "/api/dashboard/stock-by-category"
    }
    [35mres[39m: {
      "statusCode": 304
    }
    [35mresponseTime[39m: 1156
[12:21:33.149] [32mINFO[39m (25180): [36mrequest completed[39m
    [35mreq[39m: {
      "id": 20,
      "method": "GET",
      "url": "/api/stock-movements"
    }
    [35mres[39m: {
      "statusCode": 304
    }
    [35mresponseTime[39m: 1210
[12:21:41.651] [32mINFO[39m (25180): [36mrequest completed[39m
    [35mreq[39m: {
      "id": 21,
      "method": "GET",
      "url": "/api/stock-movements"
    }
    [35mres[39m: {
      "statusCode": 200
    }
    [35mresponseTime[39m: 277
[12:21:41.661] [32mINFO[39m (25180): [36mrequest completed[39m
    [35mreq[39m: {
      "id": 22,
      "method": "GET",
      "url": "/api/projects"
    }
    [35mres[39m: {
      "statusCode": 304
    }
    [35mresponseTime[39m: 285
[12:21:41.670] [32mINFO[39m (25180): [36mrequest completed[39m
    [35mreq[39m: {
      "id": 23,
      "method": "GET",
      "url": "/api/products"
    }
    [35mres[39m: {
      "statusCode": 200
    }
    [35mresponseTime[39m: 291
[12:21:47.243] [32mINFO[39m (25180): [36mrequest completed[39m
    [35mreq[39m: {
      "id": 25,
      "method": "GET",
      "url": "/api/auth/me"
    }
    [35mres[39m: {
      "statusCode": 304
    }
    [35mresponseTime[39m: 133
[12:21:47.374] [32mINFO[39m (25180): [36mrequest completed[39m
    [35mreq[39m: {
      "id": 24,
      "method": "GET",
      "url": "/api/products"
    }
    [35mres[39m: {
      "statusCode": 304
    }
    [35mresponseTime[39m: 276
[12:21:47.431] [32mINFO[39m (25180): [36mrequest completed[39m
    [35mreq[39m: {
      "id": 26,
      "method": "GET",
      "url": "/api/projects"
    }
    [35mres[39m: {
      "statusCode": 304
    }
    [35mresponseTime[39m: 315
[12:21:58.962] [32mINFO[39m (25180): [36mrequest completed[39m
    [35mreq[39m: {
      "id": 27,
      "method": "GET",
      "url": "/api/stock-movements"
    }
    [35mres[39m: {
      "statusCode": 304
    }
    [35mresponseTime[39m: 1109
[12:22:00.955] [32mINFO[39m (25180): [36mrequest completed[39m
    [35mreq[39m: {
      "id": 28,
      "method": "GET",
      "url": "/api/products/categories"
    }
    [35mres[39m: {
      "statusCode": 200
    }
    [35mresponseTime[39m: 282
[12:22:01.771] [32mINFO[39m (25180): [36mrequest completed[39m
    [35mreq[39m: {
      "id": 29,
      "method": "GET",
      "url": "/api/products"
    }
    [35mres[39m: {
      "statusCode": 304
    }
    [35mresponseTime[39m: 1097
